#
# A fatal error has been detected by the Java Runtime Environment:
#
#  SIGSEGV (0xb) at pc=0x00007f1996159393, pid=8178, tid=8193
#
# JRE version: Java(TM) SE Runtime Environment (16.0.1+9) (build 16.0.1+9-24)
# Java VM: Java HotSpot(TM) 64-Bit Server VM (16.0.1+9-24, mixed mode, sharing, tiered, compressed oops, compressed class ptrs, g1 gc, linux-amd64)
# Problematic frame:
# C  [libjimage.so+0x4393]  ImageStrings::find(Endian*, char const*, int*, unsigned int)+0x63
#
# Core dump will be written. Default location: Core dumps may be processed with "/usr/lib/systemd/systemd-coredump %P %u %g %s %t %c %h" (or dumping to /home/oleg/git/AvadaMediaDZ/adminREST/core.8178)
#
# If you would like to submit a bug report, please visit:
#   https://bugreport.java.com/bugreport/crash.jsp
#

---------------  S U M M A R Y ------------

Command Line: -agentlib:jdwp=transport=dt_socket,server=n,suspend=y,address=127.0.0.1:45445 -Dfile.encoding=UTF-8 -Duser.country=US -Duser.language=en -Duser.variant ua.AvadaMedia.adminREST.AdminRestApplication

Host: Intel(R) Core(TM) i3-7100U CPU @ 2.40GHz, 4 cores, 3G, Fedora release 34 (Thirty Four)
Time: Fri Jun  4 23:34:11 2021 EEST elapsed time: 31.682290 seconds (0d 0h 0m 31s)

---------------  T H R E A D  ---------------

Current thread (0x00007f19900d41b0):  JavaThread "Signal Dispatcher" daemon [_thread_in_vm, id=8193, stack(0x00007f197581b000,0x00007f197591c000)]

Stack: [0x00007f197581b000,0x00007f197591c000],  sp=0x00007f1975919150,  free space=1016k
Native frames: (J=compiled Java code, A=aot compiled Java code, j=interpreted, Vv=VM code, C=native code)
C  [libjimage.so+0x4393]  ImageStrings::find(Endian*, char const*, int*, unsigned int)+0x63
C  [libjimage.so+0x50de]  ImageFileReader::find_location_index(char const*, unsigned long long*) const+0x3e
C  [libjimage.so+0x55bc]  JIMAGE_FindResource+0xfc
V  [libjvm.so+0x55f051]